This is pdfTeX, Version 3.14159265-2.6-1.40.18 (TeX Live 2017) (preloaded format=pdflatex 2017.12.9)  5 JAN 2018 08:54
entering extended mode
 restricted \write18 enabled.
 %&-line parsing enabled.
**vzorec_dip_Seminar.tex
(./vzorec_dip_Seminar.tex
LaTeX2e <2017-04-15>
Babel <3.10> and hyphenation patterns for 84 language(s) loaded.
(/usr/local/texlive/2017/texmf-dist/tex/latex/base/book.cls
Document Class: book 2014/09/29 v1.4h Standard LaTeX document class
(/usr/local/texlive/2017/texmf-dist/tex/latex/base/bk12.clo
File: bk12.clo 2014/09/29 v1.4h Standard LaTeX file (size option)
)
\c@part=\count79
\c@chapter=\count80
\c@section=\count81
\c@subsection=\count82
\c@subsubsection=\count83
\c@paragraph=\count84
\c@subparagraph=\count85
\c@figure=\count86
\c@table=\count87
\abovecaptionskip=\skip41
\belowcaptionskip=\skip42
\bibindent=\dimen102
)
(/usr/local/texlive/2017/texmf-dist/tex/latex/base/inputenc.sty
Package: inputenc 2015/03/17 v1.2c Input encoding file
\inpenc@prehook=\toks14
\inpenc@posthook=\toks15

(/usr/local/texlive/2017/texmf-dist/tex/latex/ucs/utf8x.def
File: utf8x.def 2004/10/17 UCS: Input encoding UTF-8
))
(/usr/local/texlive/2017/texmf-dist/tex/latex/ucs/ucs.sty
Package: ucs 2013/05/11 v2.2 UCS: Unicode input support

(/usr/local/texlive/2017/texmf-dist/tex/latex/ucs/data/uni-global.def
File: uni-global.def 2013/05/13 UCS: Unicode global data
)
\uc@secondtry=\count88
\uc@combtoks=\toks16
\uc@combtoksb=\toks17
\uc@temptokena=\toks18
)
(/usr/local/texlive/2017/texmf-dist/tex/generic/babel/babel.sty
Package: babel 2017/05/19 3.10 The Babel package

(/usr/local/texlive/2017/texmf-dist/tex/generic/babel-slovenian/slovene.ldf
Language: slovene 2005/03/31 v1.2m Slovene support from the babel system

(/usr/local/texlive/2017/texmf-dist/tex/generic/babel/babel.def
File: babel.def 2017/05/19 3.10 Babel common definitions
\babel@savecnt=\count89
\U@D=\dimen103
)
Package babel Info: Making " an active character on input line 79.
)
(/usr/local/texlive/2017/texmf-dist/tex/generic/babel-english/english.ldf
Language: english 2017/01/24 v3.3q English support from the babel system
\l@canadian = a dialect from \language\l@american 
\l@australian = a dialect from \language\l@british 
\l@newzealand = a dialect from \language\l@british 
))
(/usr/local/texlive/2017/texmf-dist/tex/latex/graphics/graphicx.sty
Package: graphicx 2014/10/28 v1.0g Enhanced LaTeX Graphics (DPC,SPQR)

(/usr/local/texlive/2017/texmf-dist/tex/latex/graphics/keyval.sty
Package: keyval 2014/10/28 v1.15 key=value parser (DPC)
\KV@toks@=\toks19
)
(/usr/local/texlive/2017/texmf-dist/tex/latex/graphics/graphics.sty
Package: graphics 2017/04/14 v1.1b Standard LaTeX Graphics (DPC,SPQR)

(/usr/local/texlive/2017/texmf-dist/tex/latex/graphics/trig.sty
Package: trig 2016/01/03 v1.10 sin cos tan (DPC)
)
(/usr/local/texlive/2017/texmf-dist/tex/latex/graphics-cfg/graphics.cfg
File: graphics.cfg 2016/06/04 v1.11 sample graphics configuration
)
Package graphics Info: Driver file: pdftex.def on input line 99.

(/usr/local/texlive/2017/texmf-dist/tex/latex/graphics-def/pdftex.def
File: pdftex.def 2017/01/12 v0.06k Graphics/color for pdfTeX

(/usr/local/texlive/2017/texmf-dist/tex/generic/oberdiek/infwarerr.sty
Package: infwarerr 2016/05/16 v1.4 Providing info/warning/error messages (HO)
)
(/usr/local/texlive/2017/texmf-dist/tex/generic/oberdiek/ltxcmds.sty
Package: ltxcmds 2016/05/16 v1.23 LaTeX kernel commands for general use (HO)
)
\Gread@gobject=\count90
))
\Gin@req@height=\dimen104
\Gin@req@width=\dimen105
)
(/usr/local/texlive/2017/texmf-dist/tex/latex/fancyhdr/fancyhdr.sty
Package: fancyhdr 2016/09/06 3.8 Extensive control of page headers and footers
\fancy@headwidth=\skip43
\f@ncyO@elh=\skip44
\f@ncyO@erh=\skip45
\f@ncyO@olh=\skip46
\f@ncyO@orh=\skip47
\f@ncyO@elf=\skip48
\f@ncyO@erf=\skip49
\f@ncyO@olf=\skip50
\f@ncyO@orf=\skip51
)
(/usr/local/texlive/2017/texmf-dist/tex/latex/amsfonts/amssymb.sty
Package: amssymb 2013/01/14 v3.01 AMS font symbols

(/usr/local/texlive/2017/texmf-dist/tex/latex/amsfonts/amsfonts.sty
Package: amsfonts 2013/01/14 v3.01 Basic AMSFonts support
\@emptytoks=\toks20
\symAMSa=\mathgroup4
\symAMSb=\mathgroup5
LaTeX Font Info:    Overwriting math alphabet `\mathfrak' in version `bold'
(Font)                  U/euf/m/n --> U/euf/b/n on input line 106.
))
(/usr/local/texlive/2017/texmf-dist/tex/latex/amsmath/amsmath.sty
Package: amsmath 2016/11/05 v2.16a AMS math features
\@mathmargin=\skip52

For additional information on amsmath, use the `?' option.
(/usr/local/texlive/2017/texmf-dist/tex/latex/amsmath/amstext.sty
Package: amstext 2000/06/29 v2.01 AMS text

(/usr/local/texlive/2017/texmf-dist/tex/latex/amsmath/amsgen.sty
File: amsgen.sty 1999/11/30 v2.0 generic functions
\@emptytoks=\toks21
\ex@=\dimen106
))
(/usr/local/texlive/2017/texmf-dist/tex/latex/amsmath/amsbsy.sty
Package: amsbsy 1999/11/29 v1.2d Bold Symbols
\pmbraise@=\dimen107
)
(/usr/local/texlive/2017/texmf-dist/tex/latex/amsmath/amsopn.sty
Package: amsopn 2016/03/08 v2.02 operator names
)
\inf@bad=\count91
LaTeX Info: Redefining \frac on input line 213.
\uproot@=\count92
\leftroot@=\count93
LaTeX Info: Redefining \overline on input line 375.
\classnum@=\count94
\DOTSCASE@=\count95
LaTeX Info: Redefining \ldots on input line 472.
LaTeX Info: Redefining \dots on input line 475.
LaTeX Info: Redefining \cdots on input line 596.
\Mathstrutbox@=\box26
\strutbox@=\box27
\big@size=\dimen108
LaTeX Font Info:    Redeclaring font encoding OML on input line 712.
LaTeX Font Info:    Redeclaring font encoding OMS on input line 713.
\macc@depth=\count96
\c@MaxMatrixCols=\count97
\dotsspace@=\muskip10
\c@parentequation=\count98
\dspbrk@lvl=\count99
\tag@help=\toks22
\row@=\count100
\column@=\count101
\maxfields@=\count102
\andhelp@=\toks23
\eqnshift@=\dimen109
\alignsep@=\dimen110
\tagshift@=\dimen111
\tagwidth@=\dimen112
\totwidth@=\dimen113
\lineht@=\dimen114
\@envbody=\toks24
\multlinegap=\skip53
\multlinetaggap=\skip54
\mathdisplay@stack=\toks25
LaTeX Info: Redefining \[ on input line 2817.
LaTeX Info: Redefining \] on input line 2818.
)
(/usr/local/texlive/2017/texmf-dist/tex/latex/url/url.sty
\Urlmuskip=\muskip11
Package: url 2013/09/16  ver 3.4  Verb mode for urls, etc.
)
(/usr/local/texlive/2017/texmf-dist/tex/latex/comment/comment.sty
\CommentStream=\write3

Excluding comment 'comment')
(/usr/local/texlive/2017/texmf-dist/tex/latex/listings/listings.sty
\lst@mode=\count103
\lst@gtempboxa=\box28
\lst@token=\toks26
\lst@length=\count104
\lst@currlwidth=\dimen115
\lst@column=\count105
\lst@pos=\count106
\lst@lostspace=\dimen116
\lst@width=\dimen117
\lst@newlines=\count107
\lst@lineno=\count108
\lst@maxwidth=\dimen118

(/usr/local/texlive/2017/texmf-dist/tex/latex/listings/lstmisc.sty
File: lstmisc.sty 2015/06/04 1.6 (Carsten Heinz)
\c@lstnumber=\count109
\lst@skipnumbers=\count110
\lst@framebox=\box29
)
(/usr/local/texlive/2017/texmf-dist/tex/latex/listings/listings.cfg
File: listings.cfg 2015/06/04 1.6 listings configuration
))
Package: listings 2015/06/04 1.6 (Carsten Heinz)

(/usr/local/texlive/2017/texmf-dist/tex/latex/hyperref/hyperref.sty
Package: hyperref 2017/03/14 v6.85a Hypertext links for LaTeX

(/usr/local/texlive/2017/texmf-dist/tex/generic/oberdiek/hobsub-hyperref.sty
Package: hobsub-hyperref 2016/05/16 v1.14 Bundle oberdiek, subset hyperref (HO)


(/usr/local/texlive/2017/texmf-dist/tex/generic/oberdiek/hobsub-generic.sty
Package: hobsub-generic 2016/05/16 v1.14 Bundle oberdiek, subset generic (HO)
Package: hobsub 2016/05/16 v1.14 Construct package bundles (HO)
Package hobsub Info: Skipping package `infwarerr' (already loaded).
Package hobsub Info: Skipping package `ltxcmds' (already loaded).
Package: ifluatex 2016/05/16 v1.4 Provides the ifluatex switch (HO)
Package ifluatex Info: LuaTeX not detected.
Package: ifvtex 2016/05/16 v1.6 Detect VTeX and its facilities (HO)
Package ifvtex Info: VTeX not detected.
Package: intcalc 2016/05/16 v1.2 Expandable calculations with integers (HO)
Package: ifpdf 2017/03/15 v3.2 Provides the ifpdf switch
Package: etexcmds 2016/05/16 v1.6 Avoid name clashes with e-TeX commands (HO)
Package etexcmds Info: Could not find \expanded.
(etexcmds)             That can mean that you are not using pdfTeX 1.50 or
(etexcmds)             that some package has redefined \expanded.
(etexcmds)             In the latter case, load this package earlier.
Package: kvsetkeys 2016/05/16 v1.17 Key value parser (HO)
Package: kvdefinekeys 2016/05/16 v1.4 Define keys (HO)
Package: pdftexcmds 2017/03/19 v0.25 Utility functions of pdfTeX for LuaTeX (HO
)
Package pdftexcmds Info: LuaTeX not detected.
Package pdftexcmds Info: \pdf@primitive is available.
Package pdftexcmds Info: \pdf@ifprimitive is available.
Package pdftexcmds Info: \pdfdraftmode found.
Package: pdfescape 2016/05/16 v1.14 Implements pdfTeX's escape features (HO)
Package: bigintcalc 2016/05/16 v1.4 Expandable calculations on big integers (HO
)
Package: bitset 2016/05/16 v1.2 Handle bit-vector datatype (HO)
Package: uniquecounter 2016/05/16 v1.3 Provide unlimited unique counter (HO)
)
Package hobsub Info: Skipping package `hobsub' (already loaded).
Package: letltxmacro 2016/05/16 v1.5 Let assignment for LaTeX macros (HO)
Package: hopatch 2016/05/16 v1.3 Wrapper for package hooks (HO)
Package: xcolor-patch 2016/05/16 xcolor patch
Package: atveryend 2016/05/16 v1.9 Hooks at the very end of document (HO)
Package atveryend Info: \enddocument detected (standard20110627).
Package: atbegshi 2016/06/09 v1.18 At begin shipout hook (HO)
Package: refcount 2016/05/16 v3.5 Data extraction from label references (HO)
Package: hycolor 2016/05/16 v1.8 Color options for hyperref/bookmark (HO)
)
(/usr/local/texlive/2017/texmf-dist/tex/generic/ifxetex/ifxetex.sty
Package: ifxetex 2010/09/12 v0.6 Provides ifxetex conditional
)
(/usr/local/texlive/2017/texmf-dist/tex/latex/oberdiek/auxhook.sty
Package: auxhook 2016/05/16 v1.4 Hooks for auxiliary files (HO)
)
(/usr/local/texlive/2017/texmf-dist/tex/latex/oberdiek/kvoptions.sty
Package: kvoptions 2016/05/16 v3.12 Key value format for package options (HO)
)
\@linkdim=\dimen119
\Hy@linkcounter=\count111
\Hy@pagecounter=\count112

(/usr/local/texlive/2017/texmf-dist/tex/latex/hyperref/pd1enc.def
File: pd1enc.def 2017/03/14 v6.85a Hyperref: PDFDocEncoding definition (HO)
)
\Hy@SavedSpaceFactor=\count113

(/usr/local/texlive/2017/texmf-dist/tex/latex/latexconfig/hyperref.cfg
File: hyperref.cfg 2002/06/06 v1.2 hyperref configuration of TeXLive
)
Package hyperref Info: Option `colorlinks' set `true' on input line 4374.
Package hyperref Info: Hyper figures OFF on input line 4498.
Package hyperref Info: Link nesting OFF on input line 4503.
Package hyperref Info: Hyper index ON on input line 4506.
Package hyperref Info: Plain pages OFF on input line 4513.
Package hyperref Info: Backreferencing OFF on input line 4518.
Package hyperref Info: Implicit mode ON; LaTeX internals redefined.
Package hyperref Info: Bookmarks ON on input line 4751.
\c@Hy@tempcnt=\count114
LaTeX Info: Redefining \url on input line 5104.
\XeTeXLinkMargin=\dimen120
\Fld@menulength=\count115
\Field@Width=\dimen121
\Fld@charsize=\dimen122
Package hyperref Info: Hyper figures OFF on input line 6358.
Package hyperref Info: Link nesting OFF on input line 6363.
Package hyperref Info: Hyper index ON on input line 6366.
Package hyperref Info: backreferencing OFF on input line 6373.
Package hyperref Info: Link coloring OFF on input line 6378.
Package hyperref Info: Link coloring with OCG OFF on input line 6383.
Package hyperref Info: PDF/A mode OFF on input line 6388.
LaTeX Info: Redefining \ref on input line 6428.
LaTeX Info: Redefining \pageref on input line 6432.
\Hy@abspage=\count116
\c@Item=\count117
\c@Hfootnote=\count118
)

Package hyperref Message: Driver: hpdftex.

(/usr/local/texlive/2017/texmf-dist/tex/latex/hyperref/hpdftex.def
File: hpdftex.def 2017/03/14 v6.85a Hyperref driver for pdfTeX
\Fld@listcount=\count119
\c@bookmark@seq@number=\count120

(/usr/local/texlive/2017/texmf-dist/tex/latex/oberdiek/rerunfilecheck.sty
Package: rerunfilecheck 2016/05/16 v1.8 Rerun checks for auxiliary files (HO)
Package uniquecounter Info: New unique counter `rerunfilecheck' on input line 2
82.
)
\Hy@SectionHShift=\skip55
)
(/usr/local/texlive/2017/texmf-dist/tex/latex/graphics/color.sty
Package: color 2016/07/10 v1.1e Standard LaTeX Color (DPC)

(/usr/local/texlive/2017/texmf-dist/tex/latex/graphics-cfg/color.cfg
File: color.cfg 2016/01/02 v1.6 sample color configuration
)
Package color Info: Driver file: pdftex.def on input line 147.
)
(/usr/local/texlive/2017/texmf-dist/tex/latex/soul/soul.sty
Package: soul 2003/11/17 v2.4 letterspacing/underlining (mf)
\SOUL@word=\toks27
\SOUL@lasttoken=\toks28
\SOUL@cmds=\toks29
\SOUL@buffer=\toks30
\SOUL@token=\toks31
\SOUL@spaceskip=\skip56
\SOUL@ttwidth=\dimen123
\SOUL@uldp=\dimen124
\SOUL@ulht=\dimen125
)
\@input{swift.aux}
\openout2 = `swift.aux'.

(./swift.tex (/usr/local/texlive/2017/texmf-dist/tex/latex/xcolor/xcolor.sty
Package: xcolor 2016/05/11 v2.12 LaTeX color extensions (UK)

(/usr/local/texlive/2017/texmf-dist/tex/latex/graphics-cfg/color.cfg
File: color.cfg 2016/01/02 v1.6 sample color configuration
)
Package xcolor Info: Driver file: pdftex.def on input line 225.
LaTeX Info: Redefining \color on input line 709.
Package xcolor Info: Model `cmy' substituted by `cmy0' on input line 1348.
Package xcolor Info: Model `hsb' substituted by `rgb' on input line 1352.
Package xcolor Info: Model `RGB' extended on input line 1364.
Package xcolor Info: Model `HTML' substituted by `rgb' on input line 1366.
Package xcolor Info: Model `Hsb' substituted by `hsb' on input line 1367.
Package xcolor Info: Model `tHsb' substituted by `hsb' on input line 1368.
Package xcolor Info: Model `HSB' substituted by `hsb' on input line 1369.
Package xcolor Info: Model `Gray' substituted by `gray' on input line 1370.
Package xcolor Info: Model `wave' substituted by `hsb' on input line 1371.
))
\c@izrek=\count121
\c@trditev=\count122
\countA=\count123

(/usr/local/texlive/2017/texmf-dist/tex/latex/xmpincl/xmpincl.sty
Package: xmpincl 2008/05/10 v2.2 Include XMP data in pdflatex

(/usr/local/texlive/2017/texmf-dist/tex/latex/base/ifthen.sty
Package: ifthen 2014/09/29 v1.1c Standard LaTeX ifthen package (DPC)
))
\xmpinclWrite=\write4
\xmpinclRead=\read1
\openout4 = `pdfa-1b.xmpi'.

<<pdfa-1b.xmpi>> (./vzorec_dip_Seminar.aux)
\openout1 = `vzorec_dip_Seminar.aux'.

LaTeX Font Info:    Checking defaults for OML/cmm/m/it on input line 179.
LaTeX Font Info:    ... okay on input line 179.
LaTeX Font Info:    Checking defaults for T1/cmr/m/n on input line 179.
LaTeX Font Info:    ... okay on input line 179.
LaTeX Font Info:    Checking defaults for OT1/cmr/m/n on input line 179.
LaTeX Font Info:    ... okay on input line 179.
LaTeX Font Info:    Checking defaults for OMS/cmsy/m/n on input line 179.
LaTeX Font Info:    ... okay on input line 179.
LaTeX Font Info:    Checking defaults for OMX/cmex/m/n on input line 179.
LaTeX Font Info:    ... okay on input line 179.
LaTeX Font Info:    Checking defaults for U/cmr/m/n on input line 179.
LaTeX Font Info:    ... okay on input line 179.
LaTeX Font Info:    Checking defaults for PD1/pdf/m/n on input line 179.
LaTeX Font Info:    ... okay on input line 179.

(/usr/local/texlive/2017/texmf-dist/tex/latex/ucs/ucsencs.def
File: ucsencs.def 2011/01/21 Fixes to fontencodings LGR, T3
)
(/usr/local/texlive/2017/texmf-dist/tex/context/base/mkii/supp-pdf.mkii
[Loading MPS to PDF converter (version 2006.09.02).]
\scratchcounter=\count124
\scratchdimen=\dimen126
\scratchbox=\box30
\nofMPsegments=\count125
\nofMParguments=\count126
\everyMPshowfont=\toks32
\MPscratchCnt=\count127
\MPscratchDim=\dimen127
\MPnumerator=\count128
\makeMPintoPDFobject=\count129
\everyMPtoPDFconversion=\toks33
) (/usr/local/texlive/2017/texmf-dist/tex/latex/oberdiek/epstopdf-base.sty
Package: epstopdf-base 2016/05/15 v2.6 Base part for package epstopdf

(/usr/local/texlive/2017/texmf-dist/tex/latex/oberdiek/grfext.sty
Package: grfext 2016/05/16 v1.2 Manage graphics extensions (HO)
)
Package epstopdf-base Info: Redefining graphics rule for `.eps' on input line 4
38.
Package grfext Info: Graphics extension search list:
(grfext)             [.png,.pdf,.jpg,.mps,.jpeg,.jbig2,.jb2,.PNG,.PDF,.JPG,.JPE
G,.JBIG2,.JB2,.eps]
(grfext)             \AppendGraphicsExtensions on input line 456.

(/usr/local/texlive/2017/texmf-dist/tex/latex/latexconfig/epstopdf-sys.cfg
File: epstopdf-sys.cfg 2010/07/13 v1.3 Configuration of (r)epstopdf for TeX Liv
e
))
\c@lstlisting=\count130
\AtBeginShipoutBox=\box31
Package hyperref Info: Link coloring OFF on input line 179.

(/usr/local/texlive/2017/texmf-dist/tex/latex/hyperref/nameref.sty
Package: nameref 2016/05/21 v2.44 Cross-referencing by name of section

(/usr/local/texlive/2017/texmf-dist/tex/generic/oberdiek/gettitlestring.sty
Package: gettitlestring 2016/05/16 v1.5 Cleanup title references (HO)
)
\c@section@level=\count131
)
LaTeX Info: Redefining \ref on input line 179.
LaTeX Info: Redefining \pageref on input line 179.
LaTeX Info: Redefining \nameref on input line 179.

(./vzorec_dip_Seminar.out) (./vzorec_dip_Seminar.out)
\@outlinefile=\write5
\openout5 = `vzorec_dip_Seminar.out'.


(/usr/local/texlive/2017/texmf-dist/tex/latex/ucs/data/uni-1.def
File: uni-1.def 2013/05/13 UCS: Unicode data U+0100..U+01FF
)
Package babel Info: Redefining slovene shorthand "|
(babel)             in language  on input line 217.
Package babel Info: Redefining slovene shorthand "|
(babel)             in language  on input line 217.
 [1




{/usr/local/texlive/2017/texmf-var/fonts/map/pdftex/updmap/pdftex.map}]
LaTeX Font Info:    Try loading font information for U+msa on input line 220.

(/usr/local/texlive/2017/texmf-dist/tex/latex/amsfonts/umsa.fd
File: umsa.fd 2013/01/14 v3.01 AMS symbols A
)
LaTeX Font Info:    Try loading font information for U+msb on input line 220.

(/usr/local/texlive/2017/texmf-dist/tex/latex/amsfonts/umsb.fd
File: umsb.fd 2013/01/14 v3.01 AMS symbols B
)
Package babel Info: Redefining slovene shorthand "|
(babel)             in language  on input line 223.
Package babel Info: Redefining slovene shorthand "|
(babel)             in language  on input line 223.
pdfTeX warning (ext4): destination with the same identifier (name{page.}) has b
een already used, duplicate ignored
<to be read again> 
                   \relax 
l.223 \clearemptydoublepage
                            [2]
Package babel Info: Redefining slovene shorthand "|
(babel)             in language  on input line 252.
Package babel Info: Redefining slovene shorthand "|
(babel)             in language  on input line 252.
pdfTeX warning (ext4): destination with the same identifier (name{page.}) has b
een already used, duplicate ignored
<to be read again> 
                   \relax 
l.252 \clearemptydoublepage
                            [3

]
Package babel Info: Redefining slovene shorthand "|
(babel)             in language  on input line 252.
Package babel Info: Redefining slovene shorthand "|
(babel)             in language  on input line 252.
pdfTeX warning (ext4): destination with the same identifier (name{page.}) has b
een already used, duplicate ignored
<to be read again> 
                   \relax 
l.252 \clearemptydoublepage
                            [4

]
Package babel Info: Redefining slovene shorthand "|
(babel)             in language  on input line 261.
Package babel Info: Redefining slovene shorthand "|
(babel)             in language  on input line 261.
pdfTeX warning (ext4): destination with the same identifier (name{page.}) has b
een already used, duplicate ignored
<to be read again> 
                   \relax 
l.261 \clearemptydoublepage
                            [5]
Package babel Info: Redefining slovene shorthand "|
(babel)             in language  on input line 261.
Package babel Info: Redefining slovene shorthand "|
(babel)             in language  on input line 261.
pdfTeX warning (ext4): destination with the same identifier (name{page.}) has b
een already used, duplicate ignored
<to be read again> 
                   \relax 
l.261 \clearemptydoublepage
                            [6

]
Package babel Info: Redefining slovene shorthand "|
(babel)             in language  on input line 270.
Package babel Info: Redefining slovene shorthand "|
(babel)             in language  on input line 270.
pdfTeX warning (ext4): destination with the same identifier (name{page.}) has b
een already used, duplicate ignored
<to be read again> 
                   \relax 
l.270 \clearemptydoublepage
                            [7]
Package babel Info: Redefining slovene shorthand "|
(babel)             in language  on input line 270.
Package babel Info: Redefining slovene shorthand "|
(babel)             in language  on input line 270.
pdfTeX warning (ext4): destination with the same identifier (name{page.}) has b
een already used, duplicate ignored
<to be read again> 
                   \relax 
l.270 \clearemptydoublepage
                            [8

] (./vzorec_dip_Seminar.toc
Package babel Info: Redefining slovene shorthand "|
(babel)             in language  on input line 50.
Package babel Info: Redefining slovene shorthand "|
(babel)             in language  on input line 50.
pdfTeX warning (ext4): destination with the same identifier (name{page.}) has b
een already used, duplicate ignored
<to be read again> 
                   \relax 
l.50 ...10}Raz\IeC {\v s}iritve}{40}{section.4.10}
                                                   [9

])
\tf@toc=\write6
\openout6 = `vzorec_dip_Seminar.toc'.

Package babel Info: Redefining slovene shorthand "|
(babel)             in language  on input line 281.
Package babel Info: Redefining slovene shorthand "|
(babel)             in language  on input line 281.
pdfTeX warning (ext4): destination with the same identifier (name{page.}) has b
een already used, duplicate ignored
<to be read again> 
                   \relax 
l.281 \clearemptydoublepage
                            [10] Excluding 'comment' comment.
Overfull \hbox (1.76152pt too wide) in paragraph at lines 300--300
[]\OT1/cmr/bx/n/12 kratica| 
 []


Overfull \hbox (1.24765pt too wide) in paragraph at lines 302--302
[]\OT1/cmr/bx/n/12 DBMS| 
 []

Package babel Info: Redefining slovene shorthand "|
(babel)             in language  on input line 309.
Package babel Info: Redefining slovene shorthand "|
(babel)             in language  on input line 309.
pdfTeX warning (ext4): destination with the same identifier (name{page.}) has b
een already used, duplicate ignored
<to be read again> 
                   \relax 
l.309 \clearemptydoublepage
                            [11


]
Package babel Info: Redefining slovene shorthand "|
(babel)             in language  on input line 309.
Package babel Info: Redefining slovene shorthand "|
(babel)             in language  on input line 309.
pdfTeX warning (ext4): destination with the same identifier (name{page.}) has b
een already used, duplicate ignored
<to be read again> 
                   \relax 
l.309 \clearemptydoublepage
                            [12

]
Package babel Info: Redefining slovene shorthand "|
(babel)             in language  on input line 313.
Package babel Info: Redefining slovene shorthand "|
(babel)             in language  on input line 333.
Package babel Info: Redefining slovene shorthand "|
(babel)             in language  on input line 333.
pdfTeX warning (ext4): destination with the same identifier (name{page.}) has b
een already used, duplicate ignored
<to be read again> 
                   \relax 
l.333 \clearemptydoublepage
                            [13

]
Package babel Info: Redefining slovene shorthand "|
(babel)             in language  on input line 333.
Package babel Info: Redefining slovene shorthand "|
(babel)             in language  on input line 333.
pdfTeX warning (ext4): destination with the same identifier (name{page.}) has b
een already used, duplicate ignored
<to be read again> 
                   \relax 
l.333 \clearemptydoublepage
                            [14

]
Overfull \hbox (3.05353pt too wide) in paragraph at lines 352--355
\OT1/cmr/bx/n/12 Keywords: \OT1/cmr/m/n/12 com-piler, pro-gram-ming lan-guage, 
syn-tax, se-man-tics, Java, Swift.
 []

Package babel Info: Redefining slovene shorthand "|
(babel)             in language  on input line 355.
Package babel Info: Redefining slovene shorthand "|
(babel)             in language  on input line 355.
pdfTeX warning (ext4): destination with the same identifier (name{page.}) has b
een already used, duplicate ignored
<to be read again> 
                   \relax 
l.355 \clearemptydoublepage
                            [15

]
Package babel Info: Redefining slovene shorthand "|
(babel)             in language  on input line 355.
Package babel Info: Redefining slovene shorthand "|
(babel)             in language  on input line 355.
pdfTeX warning (ext4): destination with the same identifier (name{page.}) has b
een already used, duplicate ignored
<to be read again> 
                   \relax 
l.355 \clearemptydoublepage
                            [16

]
Poglavje 1.
Package babel Info: Redefining slovene shorthand "|
(babel)             in language  on input line 362.
Package babel Info: Redefining slovene shorthand "|
(babel)             in language  on input line 368.
Package babel Info: Redefining slovene shorthand "|
(babel)             in language  on input line 368.
[1


]
Package babel Info: Redefining slovene shorthand "|
(babel)             in language  on input line 368.
Package babel Info: Redefining slovene shorthand "|
(babel)             in language  on input line 368.
 [2

]
Poglavje 2.
Package babel Info: Redefining slovene shorthand "|
(babel)             in language  on input line 368.
Package babel Info: Redefining slovene shorthand "|
(babel)             in language  on input line 371.
Package babel Info: Redefining slovene shorthand "|
(babel)             in language  on input line 389.
Package babel Info: Redefining slovene shorthand "|
(babel)             in language  on input line 389.
[3]
Package babel Info: Redefining slovene shorthand "|
(babel)             in language  on input line 395.
 <resources/compilerPhases.jpg, id=221, 1003.75pt x 644.4075pt>
File: resources/compilerPhases.jpg Graphic file (type jpg)

<use resources/compilerPhases.jpg>
Package pdftex.def Info: resources/compilerPhases.jpg used on input line 401.
(pdftex.def)             Requested size: 390.0pt x 250.38379pt.
Package babel Info: Redefining slovene shorthand "|
(babel)             in language  on input line 411.
Package babel Info: Redefining slovene shorthand "|
(babel)             in language  on input line 411.
 [4 <./resources/compilerPhases.jpg>]
Underfull \hbox (badness 10000) in paragraph at lines 422--424

 []

Package babel Info: Redefining slovene shorthand "|
(babel)             in language  on input line 442.
Package babel Info: Redefining slovene shorthand "|
(babel)             in language  on input line 442.
[5]
Underfull \hbox (badness 10000) in paragraph at lines 469--471

 []

<resources/ast.png, id=246, 986.68625pt x 251.94125pt>
File: resources/ast.png Graphic file (type png)
 <use resources/ast.png>
Package pdftex.def Info: resources/ast.png used on input line 474.
(pdftex.def)             Requested size: 390.0pt x 99.58298pt.
Package babel Info: Redefining slovene shorthand "|
(babel)             in language  on input line 478.
Package babel Info: Redefining slovene shorthand "|
(babel)             in language  on input line 478.

[6] <resources/astSeman.png, id=275, 986.68625pt x 251.94125pt>
File: resources/astSeman.png Graphic file (type png)

<use resources/astSeman.png>
Package pdftex.def Info: resources/astSeman.png used on input line 494.
(pdftex.def)             Requested size: 390.0pt x 99.58298pt.


LaTeX Warning: `h' float specifier changed to `ht'.

Package babel Info: Redefining slovene shorthand "|
(babel)             in language  on input line 506.
Package babel Info: Redefining slovene shorthand "|
(babel)             in language  on input line 506.
[7 <./resources/ast.png>]
<resources/astSemanNameError.png, id=288, 647.41875pt x 348.30125pt>
File: resources/astSemanNameError.png Graphic file (type png)

<use resources/astSemanNameError.png>
Package pdftex.def Info: resources/astSemanNameError.png used on input line 514
.
(pdftex.def)             Requested size: 350.99762pt x 188.82924pt.


LaTeX Warning: `h' float specifier changed to `ht'.

<resources/astSemanTypeError.png, id=290, 994.71625pt x 251.94125pt>
File: resources/astSemanTypeError.png Graphic file (type png)

<use resources/astSemanTypeError.png>
Package pdftex.def Info: resources/astSemanTypeError.png used on input line 528
.
(pdftex.def)             Requested size: 350.99762pt x 88.89964pt.


LaTeX Warning: `h' float specifier changed to `ht'.


Underfull \vbox (badness 2970) has occurred while \output is active []

Package babel Info: Redefining slovene shorthand "|
(babel)             in language  on input line 538.
Package babel Info: Redefining slovene shorthand "|
(babel)             in language  on input line 538.
 [8 <./resources/astSeman.png>]
Underfull \hbox (badness 10000) in paragraph at lines 542--543

 []

Package babel Info: Redefining slovene shorthand "|
(babel)             in language  on input line 543.
Package babel Info: Redefining slovene shorthand "|
(babel)             in language  on input line 543.
[9 <./resources/astSemanNameError.png> <./resources/astSemanTypeError.png>]
Underfull \hbox (badness 10000) in paragraph at lines 546--549

 []

Package babel Info: Redefining slovene shorthand "|
(babel)             in language  on input line 563.
Package babel Info: Redefining slovene shorthand "|
(babel)             in language  on input line 563.
[10]
Package babel Info: Redefining slovene shorthand "|
(babel)             in language  on input line 594.
Package babel Info: Redefining slovene shorthand "|
(babel)             in language  on input line 594.
 [11]
Underfull \hbox (badness 10000) in paragraph at lines 599--600

 []

Package babel Info: Redefining slovene shorthand "|
(babel)             in language  on input line 601.
Package babel Info: Redefining slovene shorthand "|
(babel)             in language  on input line 601.
[12]
Poglavje 3.
Package babel Info: Redefining slovene shorthand "|
(babel)             in language  on input line 601.
Package babel Info: Redefining slovene shorthand "|
(babel)             in language  on input line 605.
Package babel Info: Redefining slovene shorthand "|
(babel)             in language  on input line 612.

Underfull \vbox (badness 2293) has occurred while \output is active []

Package babel Info: Redefining slovene shorthand "|
(babel)             in language  on input line 617.
Package babel Info: Redefining slovene shorthand "|
(babel)             in language  on input line 617.
 [13

]
Package babel Info: Redefining slovene shorthand "|
(babel)             in language  on input line 642.
Package babel Info: Redefining slovene shorthand "|
(babel)             in language  on input line 642.

[14]
Package babel Info: Redefining slovene shorthand "|
(babel)             in language  on input line 651.


Package hyperref Warning: Composite letter `\textasciicaron+c'
(hyperref)                not defined in PD1 encoding,
(hyperref)                removing `\textasciicaron' on input line 651.

LaTeX Font Info:    Try loading font information for OMS+cmr on input line 655.

(/usr/local/texlive/2017/texmf-dist/tex/latex/base/omscmr.fd
File: omscmr.fd 2014/09/29 v2.5h Standard LaTeX font definitions
)
LaTeX Font Info:    Font shape `OMS/cmr/m/it' in size <12> not available
(Font)              Font shape `OMS/cmsy/m/n' tried instead on input line 655.
Package babel Info: Redefining slovene shorthand "|
(babel)             in language  on input line 674.
Package babel Info: Redefining slovene shorthand "|
(babel)             in language  on input line 674.
 [15]
Overfull \hbox (48.10016pt too wide) detected at line 678
\OML/cmm/m/it/12 fun identifier\OT1/cmr/m/n/12 (\OML/cmm/m/it/12 identifier[] \
OT1/cmr/m/n/12 : \OML/cmm/m/it/12 type[]; :::; identifier[] \OT1/cmr/m/n/12 : \
OML/cmm/m/it/12 type[]\OT1/cmr/m/n/12 ) : \OML/cmm/m/it/12 type \OT1/cmr/m/n/12
 = \OML/cmm/m/it/12 expression
 []

Package babel Info: Redefining slovene shorthand "|
(babel)             in language  on input line 694.
Package babel Info: Redefining slovene shorthand "|
(babel)             in language  on input line 706.
Package babel Info: Redefining slovene shorthand "|
(babel)             in language  on input line 706.
[16]
Package babel Info: Redefining slovene shorthand "|
(babel)             in language  on input line 723.
Package babel Info: Redefining slovene shorthand "|
(babel)             in language  on input line 723.
 [17]
Package babel Info: Redefining slovene shorthand "|
(babel)             in language  on input line 752.
Package babel Info: Redefining slovene shorthand "|
(babel)             in language  on input line 752.
 [18]
Underfull \hbox (badness 10000) in paragraph at lines 770--773

 []

Package babel Info: Redefining slovene shorthand "|
(babel)             in language  on input line 773.
Package babel Info: Redefining slovene shorthand "|
(babel)             in language  on input line 773.
[19]
Underfull \hbox (badness 10000) in paragraph at lines 774--776

 []


Underfull \hbox (badness 10000) in paragraph at lines 777--780

 []

Package babel Info: Redefining slovene shorthand "|
(babel)             in language  on input line 794.
Package babel Info: Redefining slovene shorthand "|
(babel)             in language  on input line 794.
[20]
Poglavje 4.
Package babel Info: Redefining slovene shorthand "|
(babel)             in language  on input line 794.
Package babel Info: Redefining slovene shorthand "|
(babel)             in language  on input line 798.
Package babel Info: Redefining slovene shorthand "|
(babel)             in language  on input line 817.
Package babel Info: Redefining slovene shorthand "|
(babel)             in language  on input line 817.
[21

]
Package babel Info: Redefining slovene shorthand "|
(babel)             in language  on input line 854.
Package babel Info: Redefining slovene shorthand "|
(babel)             in language  on input line 854.
 [22]
Package babel Info: Redefining slovene shorthand "|
(babel)             in language  on input line 883.
Package babel Info: Redefining slovene shorthand "|
(babel)             in language  on input line 883.
 [23]
Package babel Info: Redefining slovene shorthand "|
(babel)             in language  on input line 883.
Package babel Info: Redefining slovene shorthand "|
(babel)             in language  on input line 895.
Package babel Info: Redefining slovene shorthand "|
(babel)             in language  on input line 895.
 [24]
Package babel Info: Redefining slovene shorthand "|
(babel)             in language  on input line 928.
Package babel Info: Redefining slovene shorthand "|
(babel)             in language  on input line 928.
 [25]
Package babel Info: Redefining slovene shorthand "|
(babel)             in language  on input line 928.
Package babel Info: Redefining slovene shorthand "|
(babel)             in language  on input line 954.
Package babel Info: Redefining slovene shorthand "|
(babel)             in language  on input line 954.
 [26]
Package babel Info: Redefining slovene shorthand "|
(babel)             in language  on input line 975.
Package babel Info: Redefining slovene shorthand "|
(babel)             in language  on input line 975.
 [27]
Package babel Info: Redefining slovene shorthand "|
(babel)             in language  on input line 976.

Overfull \hbox (17.84818pt too wide) detected at line 982
\OML/cmm/m/it/12 offset\OT1/cmr/m/n/12 (\OML/cmm/m/it/12 element[]\OT1/cmr/m/n/
12 ) = \OML/cmm/m/it/12 sum\OT1/cmr/m/n/12 (\OML/cmm/m/it/12 size\OT1/cmr/m/n/1
2 (\OML/cmm/m/it/12 element[]\OT1/cmr/m/n/12 )\OML/cmm/m/it/12 ; size\OT1/cmr/m
/n/12 (\OML/cmm/m/it/12 element[]\OT1/cmr/m/n/12 )\OML/cmm/m/it/12 ; :::; size\
OT1/cmr/m/n/12 (\OML/cmm/m/it/12 element[] \OMS/cmsy/m/n/12 ^^@ \OT1/cmr/m/n/12
 1))
 []

Package babel Info: Redefining slovene shorthand "|
(babel)             in language  on input line 984.
Package babel Info: Redefining slovene shorthand "|
(babel)             in language  on input line 989.
Package babel Info: Redefining slovene shorthand "|
(babel)             in language  on input line 989.
[28]
Overfull \hbox (7.0806pt too wide) in paragraph at lines 992--996
\OT1/cmr/m/n/12 ra-zre^^Tsevanja imen, ven-dar to pri se-sta-vlje-nih po-dat-ko
v-nih struk-tu-rah (vklju^^Tcno
 []


Underfull \hbox (badness 10000) in paragraph at lines 992--996

 []


Underfull \hbox (badness 10000) in paragraph at lines 1003--1006

 []

Package babel Info: Redefining slovene shorthand "|
(babel)             in language  on input line 1006.
Package babel Info: Redefining slovene shorthand "|
(babel)             in language  on input line 1006.
[29]
Package babel Info: Redefining slovene shorthand "|
(babel)             in language  on input line 1013.
Package babel Info: Redefining slovene shorthand "|
(babel)             in language  on input line 1013.
 [30]
Package babel Info: Redefining slovene shorthand "|
(babel)             in language  on input line 1040.
Package babel Info: Redefining slovene shorthand "|
(babel)             in language  on input line 1040.
 [31]
Package babel Info: Redefining slovene shorthand "|
(babel)             in language  on input line 1070.
Package babel Info: Redefining slovene shorthand "|
(babel)             in language  on input line 1070.
 [32]
Package babel Info: Redefining slovene shorthand "|
(babel)             in language  on input line 1091.
Package babel Info: Redefining slovene shorthand "|
(babel)             in language  on input line 1091.
 [33]
Package babel Info: Redefining slovene shorthand "|
(babel)             in language  on input line 1093.

Overfull \hbox (20.33185pt too wide) in paragraph at lines 1095--1097
\OT1/cmr/m/n/12 med-tem ko je po-li-mor-fi-zem spo-sob-nost pred-sta-viti isto 
funk-ci-o-nal-nost z razli^^Tcnimi
 []

Package babel Info: Redefining slovene shorthand "|
(babel)             in language  on input line 1114.
Package babel Info: Redefining slovene shorthand "|
(babel)             in language  on input line 1114.
[34] <resources/v-tables.png, id=705, 1927.2pt x 886.31125pt>
File: resources/v-tables.png Graphic file (type png)

<use resources/v-tables.png>
Package pdftex.def Info: resources/v-tables.png used on input line 1129.
(pdftex.def)             Requested size: 390.0pt x 179.35533pt.

Underfull \hbox (badness 10000) in paragraph at lines 1135--1136

 []

Package babel Info: Redefining slovene shorthand "|
(babel)             in language  on input line 1136.
Package babel Info: Redefining slovene shorthand "|
(babel)             in language  on input line 1136.
[35 <./resources/v-tables.png>]
Package babel Info: Redefining slovene shorthand "|
(babel)             in language  on input line 1144.
Package babel Info: Redefining slovene shorthand "|
(babel)             in language  on input line 1144.
 [36]
Package babel Info: Redefining slovene shorthand "|
(babel)             in language  on input line 1146.
Package babel Info: Redefining slovene shorthand "|
(babel)             in language  on input line 1165.
Package babel Info: Redefining slovene shorthand "|
(babel)             in language  on input line 1165.
 [37]
Package babel Info: Redefining slovene shorthand "|
(babel)             in language  on input line 1167.
Package babel Info: Redefining slovene shorthand "|
(babel)             in language  on input line 1181.
Package babel Info: Redefining slovene shorthand "|
(babel)             in language  on input line 1181.
 [38]
Package babel Info: Redefining slovene shorthand "|
(babel)             in language  on input line 1183.
Package babel Info: Redefining slovene shorthand "|
(babel)             in language  on input line 1208.

Underfull \vbox (badness 10000) has occurred while \output is active []

Package babel Info: Redefining slovene shorthand "|
(babel)             in language  on input line 1212.
Package babel Info: Redefining slovene shorthand "|
(babel)             in language  on input line 1212.
 [39]
Package babel Info: Redefining slovene shorthand "|
(babel)             in language  on input line 1241.
Package babel Info: Redefining slovene shorthand "|
(babel)             in language  on input line 1245.
Package babel Info: Redefining slovene shorthand "|
(babel)             in language  on input line 1245.

[40]
Package babel Info: Redefining slovene shorthand "|
(babel)             in language  on input line 1265.
Package babel Info: Redefining slovene shorthand "|
(babel)             in language  on input line 1265.
 [41]
Package babel Info: Redefining slovene shorthand "|
(babel)             in language  on input line 1265.
Package babel Info: Redefining slovene shorthand "|
(babel)             in language  on input line 1265.
 [42

]
Poglavje 5.
Package babel Info: Redefining slovene shorthand "|
(babel)             in language  on input line 1265.
Package babel Info: Redefining slovene shorthand "|
(babel)             in language  on input line 1269.
Package babel Info: Redefining slovene shorthand "|
(babel)             in language  on input line 1269.
[43]
Package babel Info: Redefining slovene shorthand "|
(babel)             in language  on input line 1269.
Package babel Info: Redefining slovene shorthand "|
(babel)             in language  on input line 1269.
 [44

]
Poglavje 6.
Package babel Info: Redefining slovene shorthand "|
(babel)             in language  on input line 1269.
Package babel Info: Redefining slovene shorthand "|
(babel)             in language  on input line 1279.
Package babel Info: Redefining slovene shorthand "|
(babel)             in language  on input line 1279.
[45]
Package babel Info: Redefining slovene shorthand "|
(babel)             in language  on input line 1282.
 (./vzorec_dip_Seminar.bbl
Package babel Info: Redefining slovene shorthand "|
(babel)             in language  on input line 1.
Package babel Info: Redefining slovene shorthand "|
(babel)             in language  on input line 1.
 [46


]
Underfull \hbox (badness 7415) in paragraph at lines 10--16
[]\OT1/cmr/m/n/12 A com-plete de-scrip-tion of a pro-gram-ming lan-gu-age in-cl
u-des
 []


Underfull \hbox (badness 5490) in paragraph at lines 10--16
\OT1/cmr/m/n/12 the com-pu-ta-ti-o-nal mo-del, the syn-tax and se-man-tics of p
ro-
 []

(/usr/local/texlive/2017/texmf-dist/tex/latex/ucs/data/uni-0.def
File: uni-0.def 2013/05/13 UCS: Unicode data U+0000..U+00FF
)
Underfull \hbox (badness 2799) in paragraph at lines 46--50
[]\OT1/cmr/m/n/12 Oren Pa-ta-sh-nik.  Bib-TeXing.  Do-se-gljivo: []$\OT1/cmtt/m
/n/12 http : / / bibtexml .
 []

Package babel Info: Redefining slovene shorthand "|
(babel)             in language  on input line 50.
Package babel Info: Redefining slovene shorthand "|
(babel)             in language  on input line 50.
[47])
Package atveryend Info: Empty hook `BeforeClearDocument' on input line 1287.
Package babel Info: Redefining slovene shorthand "|
(babel)             in language  on input line 1287.
Package babel Info: Redefining slovene shorthand "|
(babel)             in language  on input line 1287.
 [48]
Package atveryend Info: Empty hook `AfterLastShipout' on input line 1287.
 (./vzorec_dip_Seminar.aux)
Package atveryend Info: Executing hook `AtVeryEndDocument' on input line 1287.
Package atveryend Info: Executing hook `AtEndAfterFileList' on input line 1287.

Package rerunfilecheck Info: File `vzorec_dip_Seminar.out' has not changed.
(rerunfilecheck)             Checksum: FB399E729F141E5EAD845BD91AB38AF6;1506.
Package atveryend Info: Empty hook `AtVeryVeryEnd' on input line 1287.
 ) 
Here is how much of TeX's memory you used:
 11091 strings out of 492995
 151263 string characters out of 6132704
 289449 words of memory out of 5000000
 14001 multiletter control sequences out of 15000+600000
 13509 words of font info for 49 fonts, out of 8000000 for 9000
 1141 hyphenation exceptions out of 8191
 29i,12n,43p,735b,1895s stack positions out of 5000i,500n,10000p,200000b,80000s
</usr/local/texlive/2017/texmf-dist/fonts/type1/public/amsfonts/cm/cmbx12.pfb
></usr/local/texlive/2017/texmf-dist/fonts/type1/public/amsfonts/cm/cmbxti10.pf
b></usr/local/texlive/2017/texmf-dist/fonts/type1/public/amsfonts/cm/cmcsc10.pf
b></usr/local/texlive/2017/texmf-dist/fonts/type1/public/amsfonts/cm/cmmi12.pfb
></usr/local/texlive/2017/texmf-dist/fonts/type1/public/amsfonts/cm/cmmi8.pfb><
/usr/local/texlive/2017/texmf-dist/fonts/type1/public/amsfonts/cm/cmr12.pfb></u
sr/local/texlive/2017/texmf-dist/fonts/type1/public/amsfonts/cm/cmr17.pfb></usr
/local/texlive/2017/texmf-dist/fonts/type1/public/amsfonts/cm/cmr8.pfb></usr/lo
cal/texlive/2017/texmf-dist/fonts/type1/public/amsfonts/cm/cmsl12.pfb></usr/loc
al/texlive/2017/texmf-dist/fonts/type1/public/amsfonts/cm/cmsy10.pfb></usr/loca
l/texlive/2017/texmf-dist/fonts/type1/public/amsfonts/cm/cmti12.pfb></usr/local
/texlive/2017/texmf-dist/fonts/type1/public/amsfonts/cm/cmti8.pfb></usr/local/t
exlive/2017/texmf-dist/fonts/type1/public/amsfonts/cm/cmtt12.pfb>
Output written on vzorec_dip_Seminar.pdf (64 pages, 646359 bytes).
PDF statistics:
 1012 PDF objects out of 1200 (max. 8388607)
 910 compressed objects within 10 object streams
 483 named destinations out of 1000 (max. 500000)
 243 words of extra memory for PDF output out of 10000 (max. 10000000)

