\BOOKMARK [0][-]{chapter*.2}{Povzetek}{}% 1
\BOOKMARK [0][-]{chapter*.3}{Abstract}{}% 2
\BOOKMARK [0][-]{chapter.1}{Uvod}{}% 3
\BOOKMARK [0][-]{chapter.2}{Prevajalniki}{}% 4
\BOOKMARK [1][-]{section.2.1}{Uvod v programske jezike in prevajalnike}{chapter.2}% 5
\BOOKMARK [1][-]{section.2.2}{Zgradba prevajalnika}{chapter.2}% 6
\BOOKMARK [0][-]{chapter.3}{Programski jezik PINS}{}% 7
\BOOKMARK [1][-]{section.3.1}{Leksikalna pravila}{chapter.3}% 8
\BOOKMARK [1][-]{section.3.2}{Sintaksna pravila}{chapter.3}% 9
\BOOKMARK [1][-]{section.3.3}{Semanticna pravila}{chapter.3}% 10
\BOOKMARK [1][-]{section.3.4}{Primeri}{chapter.3}% 11
\BOOKMARK [0][-]{chapter.4}{Programski jezik Atheris}{}% 12
\BOOKMARK [1][-]{section.4.1}{Sintaksa}{chapter.4}% 13
\BOOKMARK [1][-]{section.4.2}{Funkcije}{chapter.4}% 14
\BOOKMARK [1][-]{section.4.3}{Enumeracije}{chapter.4}% 15
\BOOKMARK [1][-]{section.4.4}{Terke}{chapter.4}% 16
\BOOKMARK [1][-]{section.4.5}{Razredi}{chapter.4}% 17
\BOOKMARK [1][-]{section.4.6}{Dedovanje in polimorfizem}{chapter.4}% 18
\BOOKMARK [1][-]{section.4.7}{Vmesniki}{chapter.4}% 19
\BOOKMARK [1][-]{section.4.8}{Abstraktni razredi}{chapter.4}% 20
\BOOKMARK [1][-]{section.4.9}{Operator is}{chapter.4}% 21
\BOOKMARK [1][-]{section.4.10}{Pretvarjanje tipov - operator as}{chapter.4}% 22
\BOOKMARK [1][-]{section.4.11}{Raz\235iritve}{chapter.4}% 23
\BOOKMARK [1][-]{section.4.12}{Avtomaticno prepoznavanje tipov}{chapter.4}% 24
\BOOKMARK [0][-]{chapter.5}{Meritve in testiranje}{}% 25
\BOOKMARK [1][-]{section.5.1}{Meritve}{chapter.5}% 26
\BOOKMARK [0][-]{chapter.6}{Sklepne ugotovitve}{}% 27
\BOOKMARK [0][-]{chapter.7}{Priloge}{}% 28
\BOOKMARK [1][-]{section.7.1}{Atheris}{chapter.7}% 29
\BOOKMARK [1][-]{section.7.2}{PINS}{chapter.7}% 30
\BOOKMARK [1][-]{section.7.3}{Python}{chapter.7}% 31
\BOOKMARK [0][-]{lstnumber.-34.10}{Literatura}{}% 32
